  UnitTestPrime.cpp
     Creating library C:\Users\Admin\Source\Repos\-CSCN71020_A3\CSCN71020-A3\x64\Debug\UnitTestPrime.lib and object C:\Users\Admin\Source\Repos\-CSCN71020_A3\CSCN71020-A3\x64\Debug\UnitTestPrime.exp
UnitTestPrime.obj : error LNK2019: unresolved external symbol isPrime referenced in function "public: void __cdecl UnitTestPrime::UnitTestPrime::TEStnonprime(void)" (?TEStnonprime@UnitTestPrime@1@QEAAXXZ)
C:\Users\Admin\Source\Repos\-CSCN71020_A3\CSCN71020-A3\x64\Debug\UnitTestPrime.dll : fatal error LNK1120: 1 unresolved externals
